Flutter crash report.
Please report a bug at https://github.com/flutter/flutter/issues.

## command

flutter run --machine --start-paused -d chrome --dart-define=flutter.inspector.structuredErrors=true --web-allow-expose-url --target lib\main.dart

## exception

StateError: Bad state: No context with the running Dart application.

```
#0      RemoteDebuggerExecutionContext.id (package:dwds/src/debugging/execution_context.dart:55:7)
<asynchronous suspension>
#1      AppInspector._getExtensionRpcs (package:dwds/src/debugging/inspector.dart:501:20)
<asynchronous suspension>
#2      AppInspector._initialize (package:dwds/src/debugging/inspector.dart:93:34)
<asynchronous suspension>
#3      AppInspector.initialize (package:dwds/src/debugging/inspector.dart:156:5)
<asynchronous suspension>
#4      ChromeProxyService.createIsolate (package:dwds/src/services/chrome_proxy_service.dart:222:18)
<asynchronous suspension>
```

## flutter doctor

```
[✓] Flutter (Channel stable, 2.2.3, on Microsoft Windows [Version 10.0.19043.1202], locale en-US)
    • Flutter version 2.2.3 at D:\Software\flutter_windows_2.2.3-stable\flutter
    • Framework revision f4abaa0735 (9 weeks ago), 2021-07-01 12:46:11 -0700
    • Engine revision 241c87ad80
    • Dart version 2.13.4

[✗] Android toolchain - develop for Android devices
    ✗ Unable to locate Android SDK.
      Install Android Studio from: https://developer.android.com/studio/index.html
      On first launch it will assist you in installing the Android SDK components.
      (or visit https://flutter.dev/docs/get-started/install/windows#android-setup for detailed instructions).
      If the Android SDK has been installed to a custom location, please use
      `flutter config --android-sdk` to update to that location.


[✓] Chrome - develop for the web
    • Chrome at C:\Program Files (x86)\Google\Chrome\Application\chrome.exe

[!] Android Studio (not installed)
    • Android Studio not found; download from https://developer.android.com/studio/index.html
      (or visit https://flutter.dev/docs/get-started/install/windows#android-setup for detailed instructions).

[✓] VS Code (version 1.60.0)
    • VS Code at C:\Users\Unknown\AppData\Local\Programs\Microsoft VS Code
    • Flutter extension version 3.26.0

[✓] Connected device (2 available)
    • Chrome (web) • chrome • web-javascript • Google Chrome 93.0.4577.63
    • Edge (web)   • edge   • web-javascript • Microsoft Edge 93.0.961.38

! Doctor found issues in 2 categories.
```
